#
# There is insufficient memory for the Java Runtime Environment to continue.
# Native memory allocation (malloc) failed to allocate 1135216 bytes. Error detail: Chunk::new
# Possible reasons:
#   The system is out of physical RAM or swap space
#   This process is running with CompressedOops enabled, and the Java Heap may be blocking the growth of the native heap
# Possible solutions:
#   Reduce memory load on the system
#   Increase physical memory or swap space
#   Check if swap backing store is full
#   Decrease Java heap size (-Xmx/-Xms)
#   Decrease number of Java threads
#   Decrease Java thread stack sizes (-Xss)
#   Set larger code cache with -XX:ReservedCodeCacheSize=
#   JVM is running with Unscaled Compressed Oops mode in which the Java heap is
#     placed in the first 4GB address space. The Java Heap base address is the
#     maximum limit for the native heap growth. Please use -XX:HeapBaseMinAddress
#     to set the Java Heap base and to place the Java Heap above 4GB virtual address.
# This output file may be truncated or incomplete.
#
#  Out of Memory Error (arena.cpp:168), pid=20800, tid=9544
#
# JRE version: OpenJDK Runtime Environment (21.0.8) (build 21.0.8+-14196175-b1038.72)
# Java VM: OpenJDK 64-Bit Server VM (21.0.8+-14196175-b1038.72, mixed mode, tiered, compressed oops, compressed class ptrs, g1 gc, windows-amd64)
# No core dump will be written. Minidumps are not enabled by default on client versions of Windows
#

---------------  S U M M A R Y ------------

Command Line: -Dorg.gradle.appname=gradlew org.gradle.wrapper.GradleWrapperMain --full-stacktrace --info -Pverbose=true -Ptarget-platform=android-arm64 -Ptarget=S:\dev\CaribTap\flutter-ulistings-app\flutter_universal_listings\lib\main.dart -Pbase-application-name=android.app.Application -Pdart-defines=RkxVVFRFUl9WRVJTSU9OPTMuMzguNQ==,RkxVVFRFUl9DSEFOTkVMPXN0YWJsZQ==,RkxVVFRFUl9HSVRfVVJMPWh0dHBzOi8vZ2l0aHViLmNvbS9mbHV0dGVyL2ZsdXR0ZXIuZ2l0,RkxVVFRFUl9GUkFNRVdPUktfUkVWSVNJT049ZjZmZjE1MjlmZA==,RkxVVFRFUl9FTkdJTkVfUkVWSVNJT049MTUyN2FlMGVjNQ==,RkxVVFRFUl9EQVJUX1ZFUlNJT049My4xMC40 -Pdart-obfuscation=false -Ptrack-widget-creation=true -Ptree-shake-icons=false -Pfilesystem-scheme=org-dartlang-root assembleDebug

Host: Intel(R) Core(TM) i5-6300HQ CPU @ 2.30GHz, 4 cores, 7G,  Windows 11 , 64 bit Build 22000 (10.0.22000.1516)
Time: Sun Jan  4 18:44:33 2026 SA Western Standard Time elapsed time: 78.194178 seconds (0d 0h 1m 18s)

---------------  T H R E A D  ---------------

Current thread (0x000002166f416f60):  JavaThread "C2 CompilerThread0" daemon [_thread_in_native, id=9544, stack(0x00000083f4700000,0x00000083f4800000) (1024K)]


Current CompileTask:
C2:78194 1975       4       org.gradle.internal.logging.serializer.LogEventSerializer::read (6 bytes)

Stack: [0x00000083f4700000,0x00000083f4800000]
Native frames: (J=compiled Java code, j=interpreted, Vv=VM code, C=native code)
V  [jvm.dll+0x6d68d9]
V  [jvm.dll+0x866693]
V  [jvm.dll+0x868c4e]
V  [jvm.dll+0x869333]
V  [jvm.dll+0x280566]
V  [jvm.dll+0xc07cd]
V  [jvm.dll+0xc0d03]
V  [jvm.dll+0x3b95e1]
V  [jvm.dll+0x385507]
V  [jvm.dll+0x38497a]
V  [jvm.dll+0x249252]
V  [jvm.dll+0x248821]
V  [jvm.dll+0x1c73a4]
V  [jvm.dll+0x257f9e]
V  [jvm.dll+0x2564e6]
V  [jvm.dll+0x3f4696]
V  [jvm.dll+0x80eac8]
V  [jvm.dll+0x6d512d]
C  [ucrtbase.dll+0x26c0c]
C  [KERNEL32.DLL+0x155a0]
C  [ntdll.dll+0x485b]


---------------  P R O C E S S  ---------------

Threads class SMR info:
_java_thread_list=0x000002167429e060, length=12, elements={
0x00000216562c26c0, 0x000002166f407560, 0x000002166f412df0, 0x000002166f413850,
0x000002166f4142b0, 0x000002166f414d10, 0x000002166f415770, 0x000002166f4161d0,
0x000002166f416f60, 0x000002166f429800, 0x000002166f5c8d80, 0x00000216743d5220
}

Java Threads: ( => current thread )
  0x00000216562c26c0 JavaThread "main"                              [_thread_blocked, id=16408, stack(0x00000083f3800000,0x00000083f3900000) (1024K)]
  0x000002166f407560 JavaThread "Common-Cleaner"             daemon [_thread_blocked, id=18076, stack(0x00000083f4000000,0x00000083f4100000) (1024K)]
  0x000002166f412df0 JavaThread "Reference Handler"          daemon [_thread_blocked, id=19588, stack(0x00000083f4100000,0x00000083f4200000) (1024K)]
  0x000002166f413850 JavaThread "Finalizer"                  daemon [_thread_blocked, id=9912, stack(0x00000083f4200000,0x00000083f4300000) (1024K)]
  0x000002166f4142b0 JavaThread "Signal Dispatcher"          daemon [_thread_blocked, id=7172, stack(0x00000083f4300000,0x00000083f4400000) (1024K)]
  0x000002166f414d10 JavaThread "Attach Listener"            daemon [_thread_blocked, id=2424, stack(0x00000083f4400000,0x00000083f4500000) (1024K)]
  0x000002166f415770 JavaThread "Service Thread"             daemon [_thread_blocked, id=1844, stack(0x00000083f4500000,0x00000083f4600000) (1024K)]
  0x000002166f4161d0 JavaThread "Monitor Deflation Thread"   daemon [_thread_blocked, id=15076, stack(0x00000083f4600000,0x00000083f4700000) (1024K)]
=>0x000002166f416f60 JavaThread "C2 CompilerThread0"         daemon [_thread_in_native, id=9544, stack(0x00000083f4700000,0x00000083f4800000) (1024K)]
  0x000002166f429800 JavaThread "C1 CompilerThread0"         daemon [_thread_blocked, id=19984, stack(0x00000083f4800000,0x00000083f4900000) (1024K)]
  0x000002166f5c8d80 JavaThread "Notification Thread"        daemon [_thread_blocked, id=12084, stack(0x00000083f4900000,0x00000083f4a00000) (1024K)]
  0x00000216743d5220 JavaThread "pool-1-thread-1"                   [_thread_in_native, id=20944, stack(0x00000083f4d00000,0x00000083f4e00000) (1024K)]
Total: 12

Other Threads:
  0x000002166f2670e0 VMThread "VM Thread"                           [id=19912, stack(0x00000083f3f00000,0x00000083f4000000) (1024K)]
  0x000002166f1ff5d0 WatcherThread "VM Periodic Task Thread"        [id=3248, stack(0x00000083f3e00000,0x00000083f3f00000) (1024K)]
  0x00000216585ef860 WorkerThread "GC Thread#0"                     [id=16696, stack(0x00000083f3900000,0x00000083f3a00000) (1024K)]
  0x000002166f7da0a0 WorkerThread "GC Thread#1"                     [id=3164, stack(0x00000083f4a00000,0x00000083f4b00000) (1024K)]
  0x000002166f9121f0 WorkerThread "GC Thread#2"                     [id=22740, stack(0x00000083f4b00000,0x00000083f4c00000) (1024K)]
  0x000002166f87f070 WorkerThread "GC Thread#3"                     [id=6712, stack(0x00000083f4c00000,0x00000083f4d00000) (1024K)]
  0x0000021658600110 ConcurrentGCThread "G1 Main Marker"            [id=4384, stack(0x00000083f3a00000,0x00000083f3b00000) (1024K)]
  0x00000216586033c0 WorkerThread "G1 Conc#0"                       [id=17100, stack(0x00000083f3b00000,0x00000083f3c00000) (1024K)]
  0x000002166f0d20c0 ConcurrentGCThread "G1 Refine#0"               [id=20324, stack(0x00000083f3c00000,0x00000083f3d00000) (1024K)]
  0x000002166f0d2ad0 ConcurrentGCThread "G1 Service"                [id=22000, stack(0x00000083f3d00000,0x00000083f3e00000) (1024K)]
Total: 10

Threads with active compile tasks:
C2 CompilerThread0  78303 1975       4       org.gradle.internal.logging.serializer.LogEventSerializer::read (6 bytes)
Total: 1

VM state: not at safepoint (normal execution)

VM Mutex/Monitor currently owned by a thread: None

Heap address: 0x0000000085000000, size: 1968 MB, Compressed Oops mode: 32-bit

CDS archive(s) not mapped
Compressed class space mapped at: 0x0000000100000000-0x0000000140000000, reserved size: 1073741824
Narrow klass base: 0x0000000000000000, Narrow klass shift: 3, Narrow klass range: 0x140000000

GC Precious Log:
 CardTable entry size: 512
 Card Set container configuration: InlinePtr #cards 5 size 8 Array Of Cards #cards 12 size 40 Howl #buckets 4 coarsen threshold 1843 Howl Bitmap #cards 512 size 80 coarsen threshold 460 Card regions per heap region 1 cards per card region 2048
 CPUs: 4 total, 4 available
 Memory: 7865M
 Large Page Support: Disabled
 NUMA Support: Disabled
 Compressed Oops: Enabled (32-bit)
 Heap Region Size: 1M
 Heap Min Capacity: 8M
 Heap Initial Capacity: 124M
 Heap Max Capacity: 1968M
 Pre-touch: Disabled
 Parallel Workers: 4
 Concurrent Workers: 1
 Concurrent Refinement Workers: 4
 Periodic GC: Disabled

Heap:
 garbage-first heap   total 126976K, used 55918K [0x0000000085000000, 0x0000000100000000)
  region size 1024K, 49 young (50176K), 4 survivors (4096K)
 Metaspace       used 18717K, committed 19008K, reserved 1114112K
  class space    used 2223K, committed 2368K, reserved 1048576K

Heap Regions: E=young(eden), S=young(survivor), O=old, HS=humongous(starts), HC=humongous(continues), CS=collection set, F=free, TAMS=top-at-mark-start, PB=parsable bottom
|   0|0x0000000085000000, 0x0000000085100000, 0x0000000085100000|100%|HS|  |TAMS 0x0000000085000000| PB 0x0000000085000000| Complete 
|   1|0x0000000085100000, 0x0000000085200000, 0x0000000085200000|100%|HC|  |TAMS 0x0000000085100000| PB 0x0000000085100000| Complete 
|   2|0x0000000085200000, 0x0000000085300000, 0x0000000085300000|100%|HC|  |TAMS 0x0000000085200000| PB 0x0000000085200000| Complete 
|   3|0x0000000085300000, 0x0000000085400000, 0x0000000085400000|100%|HC|  |TAMS 0x0000000085300000| PB 0x0000000085300000| Complete 
|   4|0x0000000085400000, 0x0000000085500000, 0x0000000085500000|100%| O|  |TAMS 0x0000000085400000| PB 0x0000000085400000| Untracked 
|   5|0x0000000085500000, 0x0000000085600000, 0x0000000085600000|100%| O|  |TAMS 0x0000000085500000| PB 0x0000000085500000| Untracked 
|   6|0x0000000085600000, 0x000000008569bb40, 0x0000000085700000| 60%| O|  |TAMS 0x0000000085600000| PB 0x0000000085600000| Untracked 
|   7|0x0000000085700000, 0x0000000085700000, 0x0000000085800000|  0%| F|  |TAMS 0x0000000085700000| PB 0x0000000085700000| Untracked 
|   8|0x0000000085800000, 0x0000000085800000, 0x0000000085900000|  0%| F|  |TAMS 0x0000000085800000| PB 0x0000000085800000| Untracked 
|   9|0x0000000085900000, 0x0000000085900000, 0x0000000085a00000|  0%| F|  |TAMS 0x0000000085900000| PB 0x0000000085900000| Untracked 
|  10|0x0000000085a00000, 0x0000000085a00000, 0x0000000085b00000|  0%| F|  |TAMS 0x0000000085a00000| PB 0x0000000085a00000| Untracked 
|  11|0x0000000085b00000, 0x0000000085b00000, 0x0000000085c00000|  0%| F|  |TAMS 0x0000000085b00000| PB 0x0000000085b00000| Untracked 
|  12|0x0000000085c00000, 0x0000000085c00000, 0x0000000085d00000|  0%| F|  |TAMS 0x0000000085c00000| PB 0x0000000085c00000| Untracked 
|  13|0x0000000085d00000, 0x0000000085d00000, 0x0000000085e00000|  0%| F|  |TAMS 0x0000000085d00000| PB 0x0000000085d00000| Untracked 
|  14|0x0000000085e00000, 0x0000000085e00000, 0x0000000085f00000|  0%| F|  |TAMS 0x0000000085e00000| PB 0x0000000085e00000| Untracked 
|  15|0x0000000085f00000, 0x0000000085f00000, 0x0000000086000000|  0%| F|  |TAMS 0x0000000085f00000| PB 0x0000000085f00000| Untracked 
|  16|0x0000000086000000, 0x0000000086000000, 0x0000000086100000|  0%| F|  |TAMS 0x0000000086000000| PB 0x0000000086000000| Untracked 
|  17|0x0000000086100000, 0x0000000086100000, 0x0000000086200000|  0%| F|  |TAMS 0x0000000086100000| PB 0x0000000086100000| Untracked 
|  18|0x0000000086200000, 0x0000000086200000, 0x0000000086300000|  0%| F|  |TAMS 0x0000000086200000| PB 0x0000000086200000| Untracked 
|  19|0x0000000086300000, 0x0000000086300000, 0x0000000086400000|  0%| F|  |TAMS 0x0000000086300000| PB 0x0000000086300000| Untracked 
|  20|0x0000000086400000, 0x0000000086400000, 0x0000000086500000|  0%| F|  |TAMS 0x0000000086400000| PB 0x0000000086400000| Untracked 
|  21|0x0000000086500000, 0x0000000086500000, 0x0000000086600000|  0%| F|  |TAMS 0x0000000086500000| PB 0x0000000086500000| Untracked 
|  22|0x0000000086600000, 0x0000000086600000, 0x0000000086700000|  0%| F|  |TAMS 0x0000000086600000| PB 0x0000000086600000| Untracked 
|  23|0x0000000086700000, 0x0000000086700000, 0x0000000086800000|  0%| F|  |TAMS 0x0000000086700000| PB 0x0000000086700000| Untracked 
|  24|0x0000000086800000, 0x0000000086800000, 0x0000000086900000|  0%| F|  |TAMS 0x0000000086800000| PB 0x0000000086800000| Untracked 
|  25|0x0000000086900000, 0x0000000086900000, 0x0000000086a00000|  0%| F|  |TAMS 0x0000000086900000| PB 0x0000000086900000| Untracked 
|  26|0x0000000086a00000, 0x0000000086a00000, 0x0000000086b00000|  0%| F|  |TAMS 0x0000000086a00000| PB 0x0000000086a00000| Untracked 
|  27|0x0000000086b00000, 0x0000000086b00000, 0x0000000086c00000|  0%| F|  |TAMS 0x0000000086b00000| PB 0x0000000086b00000| Untracked 
|  28|0x0000000086c00000, 0x0000000086c00000, 0x0000000086d00000|  0%| F|  |TAMS 0x0000000086c00000| PB 0x0000000086c00000| Untracked 
|  29|0x0000000086d00000, 0x0000000086d00000, 0x0000000086e00000|  0%| F|  |TAMS 0x0000000086d00000| PB 0x0000000086d00000| Untracked 
|  30|0x0000000086e00000, 0x0000000086e00000, 0x0000000086f00000|  0%| F|  |TAMS 0x0000000086e00000| PB 0x0000000086e00000| Untracked 
|  31|0x0000000086f00000, 0x0000000086f00000, 0x0000000087000000|  0%| F|  |TAMS 0x0000000086f00000| PB 0x0000000086f00000| Untracked 
|  32|0x0000000087000000, 0x0000000087000000, 0x0000000087100000|  0%| F|  |TAMS 0x0000000087000000| PB 0x0000000087000000| Untracked 
|  33|0x0000000087100000, 0x0000000087100000, 0x0000000087200000|  0%| F|  |TAMS 0x0000000087100000| PB 0x0000000087100000| Untracked 
|  34|0x0000000087200000, 0x0000000087200000, 0x0000000087300000|  0%| F|  |TAMS 0x0000000087200000| PB 0x0000000087200000| Untracked 
|  35|0x0000000087300000, 0x0000000087300000, 0x0000000087400000|  0%| F|  |TAMS 0x0000000087300000| PB 0x0000000087300000| Untracked 
|  36|0x0000000087400000, 0x0000000087400000, 0x0000000087500000|  0%| F|  |TAMS 0x0000000087400000| PB 0x0000000087400000| Untracked 
|  37|0x0000000087500000, 0x0000000087500000, 0x0000000087600000|  0%| F|  |TAMS 0x0000000087500000| PB 0x0000000087500000| Untracked 
|  38|0x0000000087600000, 0x0000000087600000, 0x0000000087700000|  0%| F|  |TAMS 0x0000000087600000| PB 0x0000000087600000| Untracked 
|  39|0x0000000087700000, 0x0000000087700000, 0x0000000087800000|  0%| F|  |TAMS 0x0000000087700000| PB 0x0000000087700000| Untracked 
|  40|0x0000000087800000, 0x0000000087800000, 0x0000000087900000|  0%| F|  |TAMS 0x0000000087800000| PB 0x0000000087800000| Untracked 
|  41|0x0000000087900000, 0x0000000087900000, 0x0000000087a00000|  0%| F|  |TAMS 0x0000000087900000| PB 0x0000000087900000| Untracked 
|  42|0x0000000087a00000, 0x0000000087a00000, 0x0000000087b00000|  0%| F|  |TAMS 0x0000000087a00000| PB 0x0000000087a00000| Untracked 
|  43|0x0000000087b00000, 0x0000000087b00000, 0x0000000087c00000|  0%| F|  |TAMS 0x0000000087b00000| PB 0x0000000087b00000| Untracked 
|  44|0x0000000087c00000, 0x0000000087c00000, 0x0000000087d00000|  0%| F|  |TAMS 0x0000000087c00000| PB 0x0000000087c00000| Untracked 
|  45|0x0000000087d00000, 0x0000000087d00000, 0x0000000087e00000|  0%| F|  |TAMS 0x0000000087d00000| PB 0x0000000087d00000| Untracked 
|  46|0x0000000087e00000, 0x0000000087e00000, 0x0000000087f00000|  0%| F|  |TAMS 0x0000000087e00000| PB 0x0000000087e00000| Untracked 
|  47|0x0000000087f00000, 0x0000000087f00000, 0x0000000088000000|  0%| F|  |TAMS 0x0000000087f00000| PB 0x0000000087f00000| Untracked 
|  48|0x0000000088000000, 0x0000000088000000, 0x0000000088100000|  0%| F|  |TAMS 0x0000000088000000| PB 0x0000000088000000| Untracked 
|  49|0x0000000088100000, 0x0000000088100000, 0x0000000088200000|  0%| F|  |TAMS 0x0000000088100000| PB 0x0000000088100000| Untracked 
|  50|0x0000000088200000, 0x0000000088200000, 0x0000000088300000|  0%| F|  |TAMS 0x0000000088200000| PB 0x0000000088200000| Untracked 
|  51|0x0000000088300000, 0x0000000088300000, 0x0000000088400000|  0%| F|  |TAMS 0x0000000088300000| PB 0x0000000088300000| Untracked 
|  52|0x0000000088400000, 0x0000000088400000, 0x0000000088500000|  0%| F|  |TAMS 0x0000000088400000| PB 0x0000000088400000| Untracked 
|  53|0x0000000088500000, 0x0000000088500000, 0x0000000088600000|  0%| F|  |TAMS 0x0000000088500000| PB 0x0000000088500000| Untracked 
|  54|0x0000000088600000, 0x0000000088600000, 0x0000000088700000|  0%| F|  |TAMS 0x0000000088600000| PB 0x0000000088600000| Untracked 
|  55|0x0000000088700000, 0x0000000088700000, 0x0000000088800000|  0%| F|  |TAMS 0x0000000088700000| PB 0x0000000088700000| Untracked 
|  56|0x0000000088800000, 0x0000000088800000, 0x0000000088900000|  0%| F|  |TAMS 0x0000000088800000| PB 0x0000000088800000| Untracked 
|  57|0x0000000088900000, 0x0000000088900000, 0x0000000088a00000|  0%| F|  |TAMS 0x0000000088900000| PB 0x0000000088900000| Untracked 
|  58|0x0000000088a00000, 0x0000000088a00000, 0x0000000088b00000|  0%| F|  |TAMS 0x0000000088a00000| PB 0x0000000088a00000| Untracked 
|  59|0x0000000088b00000, 0x0000000088b00000, 0x0000000088c00000|  0%| F|  |TAMS 0x0000000088b00000| PB 0x0000000088b00000| Untracked 
|  60|0x0000000088c00000, 0x0000000088c00000, 0x0000000088d00000|  0%| F|  |TAMS 0x0000000088c00000| PB 0x0000000088c00000| Untracked 
|  61|0x0000000088d00000, 0x0000000088d00000, 0x0000000088e00000|  0%| F|  |TAMS 0x0000000088d00000| PB 0x0000000088d00000| Untracked 
|  62|0x0000000088e00000, 0x0000000088e00000, 0x0000000088f00000|  0%| F|  |TAMS 0x0000000088e00000| PB 0x0000000088e00000| Untracked 
|  63|0x0000000088f00000, 0x0000000088f00000, 0x0000000089000000|  0%| F|  |TAMS 0x0000000088f00000| PB 0x0000000088f00000| Untracked 
|  64|0x0000000089000000, 0x0000000089000000, 0x0000000089100000|  0%| F|  |TAMS 0x0000000089000000| PB 0x0000000089000000| Untracked 
|  65|0x0000000089100000, 0x0000000089100000, 0x0000000089200000|  0%| F|  |TAMS 0x0000000089100000| PB 0x0000000089100000| Untracked 
|  66|0x0000000089200000, 0x0000000089200000, 0x0000000089300000|  0%| F|  |TAMS 0x0000000089200000| PB 0x0000000089200000| Untracked 
|  67|0x0000000089300000, 0x0000000089300000, 0x0000000089400000|  0%| F|  |TAMS 0x0000000089300000| PB 0x0000000089300000| Untracked 
|  68|0x0000000089400000, 0x0000000089400000, 0x0000000089500000|  0%| F|  |TAMS 0x0000000089400000| PB 0x0000000089400000| Untracked 
|  69|0x0000000089500000, 0x0000000089500000, 0x0000000089600000|  0%| F|  |TAMS 0x0000000089500000| PB 0x0000000089500000| Untracked 
|  70|0x0000000089600000, 0x0000000089600000, 0x0000000089700000|  0%| F|  |TAMS 0x0000000089600000| PB 0x0000000089600000| Untracked 
|  71|0x0000000089700000, 0x0000000089700000, 0x0000000089800000|  0%| F|  |TAMS 0x0000000089700000| PB 0x0000000089700000| Untracked 
|  72|0x0000000089800000, 0x0000000089800000, 0x0000000089900000|  0%| F|  |TAMS 0x0000000089800000| PB 0x0000000089800000| Untracked 
|  73|0x0000000089900000, 0x0000000089900000, 0x0000000089a00000|  0%| F|  |TAMS 0x0000000089900000| PB 0x0000000089900000| Untracked 
|  74|0x0000000089a00000, 0x0000000089a00000, 0x0000000089b00000|  0%| F|  |TAMS 0x0000000089a00000| PB 0x0000000089a00000| Untracked 
|  75|0x0000000089b00000, 0x0000000089bd19d8, 0x0000000089c00000| 81%| E|  |TAMS 0x0000000089b00000| PB 0x0000000089b00000| Complete 
|  76|0x0000000089c00000, 0x0000000089d00000, 0x0000000089d00000|100%| E|CS|TAMS 0x0000000089c00000| PB 0x0000000089c00000| Complete 
|  77|0x0000000089d00000, 0x0000000089e00000, 0x0000000089e00000|100%| E|CS|TAMS 0x0000000089d00000| PB 0x0000000089d00000| Complete 
|  78|0x0000000089e00000, 0x0000000089f00000, 0x0000000089f00000|100%| E|CS|TAMS 0x0000000089e00000| PB 0x0000000089e00000| Complete 
|  79|0x0000000089f00000, 0x000000008a000000, 0x000000008a000000|100%| E|CS|TAMS 0x0000000089f00000| PB 0x0000000089f00000| Complete 
|  80|0x000000008a000000, 0x000000008a100000, 0x000000008a100000|100%| E|CS|TAMS 0x000000008a000000| PB 0x000000008a000000| Complete 
|  81|0x000000008a100000, 0x000000008a200000, 0x000000008a200000|100%| E|CS|TAMS 0x000000008a100000| PB 0x000000008a100000| Complete 
|  82|0x000000008a200000, 0x000000008a300000, 0x000000008a300000|100%| E|CS|TAMS 0x000000008a200000| PB 0x000000008a200000| Complete 
|  83|0x000000008a300000, 0x000000008a400000, 0x000000008a400000|100%| E|CS|TAMS 0x000000008a300000| PB 0x000000008a300000| Complete 
|  84|0x000000008a400000, 0x000000008a500000, 0x000000008a500000|100%| E|CS|TAMS 0x000000008a400000| PB 0x000000008a400000| Complete 
|  85|0x000000008a500000, 0x000000008a600000, 0x000000008a600000|100%| E|CS|TAMS 0x000000008a500000| PB 0x000000008a500000| Complete 
|  86|0x000000008a600000, 0x000000008a700000, 0x000000008a700000|100%| E|CS|TAMS 0x000000008a600000| PB 0x000000008a600000| Complete 
|  87|0x000000008a700000, 0x000000008a800000, 0x000000008a800000|100%| E|CS|TAMS 0x000000008a700000| PB 0x000000008a700000| Complete 
|  88|0x000000008a800000, 0x000000008a900000, 0x000000008a900000|100%| E|CS|TAMS 0x000000008a800000| PB 0x000000008a800000| Complete 
|  89|0x000000008a900000, 0x000000008aa00000, 0x000000008aa00000|100%| E|CS|TAMS 0x000000008a900000| PB 0x000000008a900000| Complete 
|  90|0x000000008aa00000, 0x000000008ab00000, 0x000000008ab00000|100%| E|CS|TAMS 0x000000008aa00000| PB 0x000000008aa00000| Complete 
|  91|0x000000008ab00000, 0x000000008ac00000, 0x000000008ac00000|100%| E|CS|TAMS 0x000000008ab00000| PB 0x000000008ab00000| Complete 
|  92|0x000000008ac00000, 0x000000008ad00000, 0x000000008ad00000|100%| E|CS|TAMS 0x000000008ac00000| PB 0x000000008ac00000| Complete 
|  93|0x000000008ad00000, 0x000000008ae00000, 0x000000008ae00000|100%| E|CS|TAMS 0x000000008ad00000| PB 0x000000008ad00000| Complete 
|  94|0x000000008ae00000, 0x000000008af00000, 0x000000008af00000|100%| E|CS|TAMS 0x000000008ae00000| PB 0x000000008ae00000| Complete 
|  95|0x000000008af00000, 0x000000008b000000, 0x000000008b000000|100%| S|CS|TAMS 0x000000008af00000| PB 0x000000008af00000| Complete 
|  96|0x000000008b000000, 0x000000008b100000, 0x000000008b100000|100%| S|CS|TAMS 0x000000008b000000| PB 0x000000008b000000| Complete 
|  97|0x000000008b100000, 0x000000008b200000, 0x000000008b200000|100%| S|CS|TAMS 0x000000008b100000| PB 0x000000008b100000| Complete 
|  98|0x000000008b200000, 0x000000008b300000, 0x000000008b300000|100%| S|CS|TAMS 0x000000008b200000| PB 0x000000008b200000| Complete 
|  99|0x000000008b300000, 0x000000008b400000, 0x000000008b400000|100%| E|CS|TAMS 0x000000008b300000| PB 0x000000008b300000| Complete 
| 100|0x000000008b400000, 0x000000008b500000, 0x000000008b500000|100%| E|CS|TAMS 0x000000008b400000| PB 0x000000008b400000| Complete 
| 101|0x000000008b500000, 0x000000008b600000, 0x000000008b600000|100%| E|CS|TAMS 0x000000008b500000| PB 0x000000008b500000| Complete 
| 102|0x000000008b600000, 0x000000008b700000, 0x000000008b700000|100%| E|CS|TAMS 0x000000008b600000| PB 0x000000008b600000| Complete 
| 103|0x000000008b700000, 0x000000008b800000, 0x000000008b800000|100%| E|CS|TAMS 0x000000008b700000| PB 0x000000008b700000| Complete 
| 104|0x000000008b800000, 0x000000008b900000, 0x000000008b900000|100%| E|CS|TAMS 0x000000008b800000| PB 0x000000008b800000| Complete 
| 105|0x000000008b900000, 0x000000008ba00000, 0x000000008ba00000|100%| E|CS|TAMS 0x000000008b900000| PB 0x000000008b900000| Complete 
| 106|0x000000008ba00000, 0x000000008bb00000, 0x000000008bb00000|100%| E|CS|TAMS 0x000000008ba00000| PB 0x000000008ba00000| Complete 
| 107|0x000000008bb00000, 0x000000008bc00000, 0x000000008bc00000|100%| E|CS|TAMS 0x000000008bb00000| PB 0x000000008bb00000| Complete 
| 108|0x000000008bc00000, 0x000000008bd00000, 0x000000008bd00000|100%| E|CS|TAMS 0x000000008bc00000| PB 0x000000008bc00000| Complete 
| 109|0x000000008bd00000, 0x000000008be00000, 0x000000008be00000|100%| E|CS|TAMS 0x000000008bd00000| PB 0x000000008bd00000| Complete 
| 110|0x000000008be00000, 0x000000008bf00000, 0x000000008bf00000|100%| E|CS|TAMS 0x000000008be00000| PB 0x000000008be00000| Complete 
| 111|0x000000008bf00000, 0x000000008c000000, 0x000000008c000000|100%| E|CS|TAMS 0x000000008bf00000| PB 0x000000008bf00000| Complete 
| 112|0x000000008c000000, 0x000000008c100000, 0x000000008c100000|100%| E|CS|TAMS 0x000000008c000000| PB 0x000000008c000000| Complete 
| 113|0x000000008c100000, 0x000000008c200000, 0x000000008c200000|100%| E|CS|TAMS 0x000000008c100000| PB 0x000000008c100000| Complete 
| 114|0x000000008c200000, 0x000000008c300000, 0x000000008c300000|100%| E|CS|TAMS 0x000000008c200000| PB 0x000000008c200000| Complete 
| 115|0x000000008c300000, 0x000000008c400000, 0x000000008c400000|100%| E|CS|TAMS 0x000000008c300000| PB 0x000000008c300000| Complete 
| 116|0x000000008c400000, 0x000000008c500000, 0x000000008c500000|100%| E|CS|TAMS 0x000000008c400000| PB 0x000000008c400000| Complete 
| 117|0x000000008c500000, 0x000000008c600000, 0x000000008c600000|100%| E|CS|TAMS 0x000000008c500000| PB 0x000000008c500000| Complete 
| 118|0x000000008c600000, 0x000000008c700000, 0x000000008c700000|100%| E|CS|TAMS 0x000000008c600000| PB 0x000000008c600000| Complete 
| 119|0x000000008c700000, 0x000000008c800000, 0x000000008c800000|100%| E|CS|TAMS 0x000000008c700000| PB 0x000000008c700000| Complete 
| 120|0x000000008c800000, 0x000000008c900000, 0x000000008c900000|100%| E|CS|TAMS 0x000000008c800000| PB 0x000000008c800000| Complete 
| 121|0x000000008c900000, 0x000000008ca00000, 0x000000008ca00000|100%| E|CS|TAMS 0x000000008c900000| PB 0x000000008c900000| Complete 
| 122|0x000000008ca00000, 0x000000008cb00000, 0x000000008cb00000|100%| E|CS|TAMS 0x000000008ca00000| PB 0x000000008ca00000| Complete 
| 123|0x000000008cb00000, 0x000000008cc00000, 0x000000008cc00000|100%| E|CS|TAMS 0x000000008cb00000| PB 0x000000008cb00000| Complete 

Card table byte_map: [0x000002166aae0000,0x000002166aec0000] _byte_map_base: 0x000002166a6b8000

Marking Bits: (CMBitMap*) 0x00000216585eff60
 Bits: [0x000002166aec0000, 0x000002166cd80000)

Polling page: 0x0000021657d70000

Metaspace:

Usage:
  Non-class:     16.11 MB used.
      Class:      2.17 MB used.
       Both:     18.28 MB used.

Virtual space:
  Non-class space:       64.00 MB reserved,      16.25 MB ( 25%) committed,  1 nodes.
      Class space:        1.00 GB reserved,       2.31 MB ( <1%) committed,  1 nodes.
             Both:        1.06 GB reserved,      18.56 MB (  2%) committed. 

Chunk freelists:
   Non-Class:  14.95 MB
       Class:  13.60 MB
        Both:  28.55 MB

MaxMetaspaceSize: unlimited
CompressedClassSpaceSize: 1.00 GB
Initial GC threshold: 21.00 MB
Current GC threshold: 21.00 MB
CDS: off
 - commit_granule_bytes: 65536.
 - commit_granule_words: 8192.
 - virtual_space_node_default_size: 8388608.
 - enlarge_chunks_in_place: 1.
 - use_allocation_guard: 0.


Internal statistics:

num_allocs_failed_limit: 0.
num_arena_births: 224.
num_arena_deaths: 0.
num_vsnodes_births: 2.
num_vsnodes_deaths: 0.
num_space_committed: 297.
num_space_uncommitted: 0.
num_chunks_returned_to_freelist: 0.
num_chunks_taken_from_freelist: 532.
num_chunk_merges: 0.
num_chunk_splits: 348.
num_chunks_enlarged: 265.
num_inconsistent_stats: 0.

CodeHeap 'non-profiled nmethods': size=120000Kb used=937Kb max_used=937Kb free=119062Kb
 bounds [0x00000216631d0000, 0x0000021663440000, 0x000002166a700000]
CodeHeap 'profiled nmethods': size=120000Kb used=3676Kb max_used=3676Kb free=116323Kb
 bounds [0x000002165b700000, 0x000002165baa0000, 0x0000021662c30000]
CodeHeap 'non-nmethods': size=5760Kb used=1370Kb max_used=1412Kb free=4389Kb
 bounds [0x0000021662c30000, 0x0000021662ea0000, 0x00000216631d0000]
CodeCache: size=245760Kb, used=5983Kb, max_used=6025Kb, free=239774Kb
 total_blobs=2470, nmethods=1979, adapters=396, full_count=0
Compilation: enabled, stopped_count=0, restarted_count=0

Compilation events (20 events):
Event: 77.886 Thread 0x000002166f429800 1985       3       sun.nio.ch.SocketChannelImpl::isConnected (14 bytes)
Event: 77.887 Thread 0x000002166f416f60 nmethod 1973 0x00000216632b6590 code [0x00000216632b67e0, 0x00000216632b6fd8]
Event: 77.887 Thread 0x000002166f429800 nmethod 1985 0x000002165ba95790 code [0x000002165ba95920, 0x000002165ba95a80]
Event: 77.887 Thread 0x000002166f429800 1986       3       java.nio.MappedByteBuffer::clear (5 bytes)
Event: 77.887 Thread 0x000002166f416f60 1977   !   4       org.gradle.internal.serialize.kryo.KryoBackedDecoder::readSmallLong (16 bytes)
Event: 77.888 Thread 0x000002166f429800 nmethod 1986 0x000002165ba95b10 code [0x000002165ba95cc0, 0x000002165ba95f00]
Event: 77.888 Thread 0x000002166f429800 1987       3       java.nio.MappedByteBuffer::clear (7 bytes)
Event: 77.888 Thread 0x000002166f429800 nmethod 1987 0x000002165ba96010 code [0x000002165ba961c0, 0x000002165ba963a0]
Event: 77.888 Thread 0x000002166f429800 1988       3       sun.nio.ch.SocketChannelImpl::translateReadyOps (173 bytes)
Event: 77.889 Thread 0x000002166f429800 nmethod 1988 0x000002165ba96490 code [0x000002165ba96680, 0x000002165ba96cb8]
Event: 77.889 Thread 0x000002166f416f60 nmethod 1977 0x00000216632b7990 code [0x00000216632b7b40, 0x00000216632b7c68]
Event: 77.889 Thread 0x000002166f416f60 1978       4       com.esotericsoftware.kryo.io.Input::readVarLong (329 bytes)
Event: 77.898 Thread 0x000002166f416f60 nmethod 1978 0x00000216632b7d90 code [0x00000216632b7f80, 0x00000216632b85c8]
Event: 77.898 Thread 0x000002166f416f60 1974       4       org.gradle.launcher.daemon.protocol.DaemonMessageSerializer$OutputMessageSerializer::read (6 bytes)
Event: 77.914 Thread 0x000002166f416f60 nmethod 1974 0x00000216632b8a10 code [0x00000216632b8c40, 0x00000216632b9620]
Event: 77.914 Thread 0x000002166f416f60 1972       4       org.gradle.internal.logging.events.LogEvent::<init> (23 bytes)
Event: 77.920 Thread 0x000002166f416f60 nmethod 1972 0x00000216632b9d90 code [0x00000216632b9f20, 0x00000216632ba498]
Event: 77.920 Thread 0x000002166f416f60 1975       4       org.gradle.internal.logging.serializer.LogEventSerializer::read (6 bytes)
Event: 77.959 Thread 0x000002166f429800 1995       3       jdk.internal.misc.Unsafe::weakCompareAndSetInt (11 bytes)
Event: 77.960 Thread 0x000002166f429800 nmethod 1995 0x000002165ba96e10 code [0x000002165ba96fa0, 0x000002165ba970c8]

GC Heap History (4 events):
Event: 1.377 GC heap before
{Heap before GC invocations=0 (full 0):
 garbage-first heap   total 126976K, used 13312K [0x0000000085000000, 0x0000000100000000)
  region size 1024K, 13 young (13312K), 0 survivors (0K)
 Metaspace       used 8550K, committed 8704K, reserved 1114112K
  class space    used 789K, committed 896K, reserved 1048576K
}
Event: 1.383 GC heap after
{Heap after GC invocations=1 (full 0):
 garbage-first heap   total 126976K, used 1672K [0x0000000085000000, 0x0000000100000000)
  region size 1024K, 2 young (2048K), 2 survivors (2048K)
 Metaspace       used 8550K, committed 8704K, reserved 1114112K
  class space    used 789K, committed 896K, reserved 1048576K
}
Event: 2.375 GC heap before
{Heap before GC invocations=1 (full 0):
 garbage-first heap   total 126976K, used 28296K [0x0000000085000000, 0x0000000100000000)
  region size 1024K, 25 young (25600K), 2 survivors (2048K)
 Metaspace       used 12865K, committed 13056K, reserved 1114112K
  class space    used 1451K, committed 1536K, reserved 1048576K
}
Event: 2.381 GC heap after
{Heap after GC invocations=2 (full 0):
 garbage-first heap   total 126976K, used 10862K [0x0000000085000000, 0x0000000100000000)
  region size 1024K, 4 young (4096K), 4 survivors (4096K)
 Metaspace       used 12865K, committed 13056K, reserved 1114112K
  class space    used 1451K, committed 1536K, reserved 1048576K
}

Dll operation events (3 events):
Event: 0.010 Loaded shared library C:\Program Files\Android\Android Studio\jbr\bin\java.dll
Event: 0.019 Loaded shared library C:\Program Files\Android\Android Studio\jbr\bin\zip.dll
Event: 0.338 Loaded shared library C:\Program Files\Android\Android Studio\jbr\bin\verify.dll

Deoptimization events (20 events):
Event: 21.352 Thread 0x00000216743d5220 DEOPT PACKING pc=0x000002166327575c sp=0x00000083f4dfe850
Event: 21.352 Thread 0x00000216743d5220 DEOPT UNPACKING pc=0x0000021662c846a2 sp=0x00000083f4dfe6e8 mode 2
Event: 21.352 Thread 0x00000216743d5220 Uncommon trap: trap_request=0xffffff45 fr.pc=0x00000216632766b4 relative=0x00000000000003f4
Event: 21.352 Thread 0x00000216743d5220 Uncommon trap: reason=unstable_if action=reinterpret pc=0x00000216632766b4 method=org.gradle.internal.logging.text.AbstractLineChoppingStyledTextOutput$2.execute(Lorg/gradle/internal/logging/text/AbstractLineChoppingStyledTextOutput$StateContext;)V @ 34 c
Event: 21.352 Thread 0x00000216743d5220 DEOPT PACKING pc=0x00000216632766b4 sp=0x00000083f4dfe7e0
Event: 21.352 Thread 0x00000216743d5220 DEOPT UNPACKING pc=0x0000021662c846a2 sp=0x00000083f4dfe6e0 mode 2
Event: 22.365 Thread 0x00000216743d5220 DEOPT PACKING pc=0x000002165ba6474c sp=0x00000083f4dfe8f0
Event: 22.365 Thread 0x00000216743d5220 DEOPT UNPACKING pc=0x0000021662c84e42 sp=0x00000083f4dfddc0 mode 0
Event: 22.369 Thread 0x00000216743d5220 DEOPT PACKING pc=0x000002165ba6474c sp=0x00000083f4dfe8f0
Event: 22.369 Thread 0x00000216743d5220 DEOPT UNPACKING pc=0x0000021662c84e42 sp=0x00000083f4dfddc0 mode 0
Event: 22.494 Thread 0x00000216743d5220 DEOPT PACKING pc=0x000002165ba6474c sp=0x00000083f4dfe8f0
Event: 22.494 Thread 0x00000216743d5220 DEOPT UNPACKING pc=0x0000021662c84e42 sp=0x00000083f4dfddc0 mode 0
Event: 22.684 Thread 0x00000216743d5220 DEOPT PACKING pc=0x000002165ba6474c sp=0x00000083f4dfe8f0
Event: 22.684 Thread 0x00000216743d5220 DEOPT UNPACKING pc=0x0000021662c84e42 sp=0x00000083f4dfddc0 mode 0
Event: 22.935 Thread 0x00000216743d5220 DEOPT PACKING pc=0x000002165ba6474c sp=0x00000083f4dfe8f0
Event: 22.935 Thread 0x00000216743d5220 DEOPT UNPACKING pc=0x0000021662c84e42 sp=0x00000083f4dfddc0 mode 0
Event: 29.996 Thread 0x00000216562c26c0 Uncommon trap: trap_request=0xffffff45 fr.pc=0x000002166328b610 relative=0x0000000000000250
Event: 29.996 Thread 0x00000216562c26c0 Uncommon trap: reason=unstable_if action=reinterpret pc=0x000002166328b610 method=com.esotericsoftware.kryo.io.Input.require(I)I @ 207 c2
Event: 29.996 Thread 0x00000216562c26c0 DEOPT PACKING pc=0x000002166328b610 sp=0x00000083f38fda80
Event: 29.996 Thread 0x00000216562c26c0 DEOPT UNPACKING pc=0x0000021662c846a2 sp=0x00000083f38fda28 mode 2

Classes loaded (20 events):
Event: 3.884 Loading class jdk/internal/logger/LazyLoggers$LazyLoggerFactories
Event: 3.884 Loading class jdk/internal/logger/LazyLoggers$LazyLoggerFactories done
Event: 3.885 Loading class jdk/internal/logger/LoggerFinderLoader
Event: 3.885 Loading class jdk/internal/logger/LoggerFinderLoader done
Event: 3.886 Loading class jdk/internal/logger/LoggerFinderLoader$TemporaryLoggerFinder
Event: 3.886 Loading class jdk/internal/logger/LoggerFinderLoader$TemporaryLoggerFinder done
Event: 3.886 Loading class sun/util/logging/internal/LoggingProviderImpl$JULWrapper
Event: 3.886 Loading class sun/util/logging/PlatformLogger$ConfigurableBridge$LoggerConfiguration
Event: 3.886 Loading class sun/util/logging/PlatformLogger$ConfigurableBridge$LoggerConfiguration done
Event: 3.886 Loading class sun/util/logging/internal/LoggingProviderImpl$JULWrapper done
Event: 3.887 Loading class java/io/ObjectInputFilter$Config$BuiltinFilterFactory
Event: 3.887 Loading class java/io/ObjectInputFilter$Config$BuiltinFilterFactory done
Event: 3.887 Loading class jdk/internal/access/JavaObjectInputFilterAccess
Event: 3.887 Loading class jdk/internal/access/JavaObjectInputFilterAccess done
Event: 3.888 Loading class java/lang/System$Logger$Level
Event: 3.888 Loading class java/lang/System$Logger$Level done
Event: 8.920 Loading class java/lang/invoke/MethodHandle$1
Event: 8.920 Loading class java/lang/invoke/MethodHandle$1 done
Event: 28.404 Loading class java/lang/foreign/MemorySegment
Event: 28.415 Loading class java/lang/foreign/MemorySegment done

Classes unloaded (0 events):
No events

Classes redefined (0 events):
No events

Internal exceptions (17 events):
Event: 0.570 Thread 0x00000216562c26c0 Exception <a 'java/lang/NoSuchMethodError'{0x000000008c9f3c38}: 'void java.lang.invoke.DirectMethodHandle$Holder.invokeSpecial(java.lang.Object, java.lang.Object, java.lang.Object)'> (0x000000008c9f3c38) 
thrown [s\src\hotspot\share\interpreter\linkResolver.cpp, line 784]
Event: 0.832 Thread 0x00000216562c26c0 Exception <a 'java/lang/NoSuchMethodError'{0x000000008c729310}: 'int java.lang.invoke.DirectMethodHandle$Holder.invokeSpecial(java.lang.Object, java.lang.Object, java.lang.Object, java.lang.Object)'> (0x000000008c729310) 
thrown [s\src\hotspot\share\interpreter\linkResolver.cpp, line 784]
Event: 1.859 Thread 0x00000216562c26c0 Exception <a 'java/lang/NoSuchMethodError'{0x000000008bb2e3b0}: 'java.lang.Object java.lang.invoke.DirectMethodHandle$Holder.invokeVirtual(java.lang.Object, java.lang.Object, java.lang.Object)'> (0x000000008bb2e3b0) 
thrown [s\src\hotspot\share\interpreter\linkResolver.cpp, line 784]
Event: 2.101 Thread 0x00000216562c26c0 Exception <a 'java/lang/NoSuchMethodError'{0x000000008b7439b0}: 'void java.lang.invoke.DirectMethodHandle$Holder.invokeInterface(java.lang.Object, java.lang.Object, java.lang.Object)'> (0x000000008b7439b0) 
thrown [s\src\hotspot\share\interpreter\linkResolver.cpp, line 784]
Event: 2.122 Thread 0x00000216562c26c0 Exception <a 'java/lang/NoClassDefFoundError'{0x000000008b7c8c88}: org/slf4j/impl/StaticMarkerBinder> (0x000000008b7c8c88) 
thrown [s\src\hotspot\share\classfile\systemDictionary.cpp, line 301]
Event: 2.373 Thread 0x00000216562c26c0 Exception <a 'java/lang/NoSuchMethodError'{0x000000008b3f7b60}: 'java.lang.Object java.lang.invoke.DirectMethodHandle$Holder.newInvokeSpecial(java.lang.Object, java.lang.Object, java.lang.Object, java.lang.Object, java.lang.Object)'> (0x000000008b3f7b60) 
thrown [s\src\hotspot\share\interpreter\linkResolver.cpp, line 784]
Event: 2.392 Thread 0x00000216562c26c0 Exception <a 'java/lang/NoSuchMethodError'{0x000000008cbc92b0}: 'java.lang.Object java.lang.invoke.Invokers$Holder.invokeExact_MT(java.lang.Object, java.lang.Object, java.lang.Object, java.lang.Object, java.lang.Object)'> (0x000000008cbc92b0) 
thrown [s\src\hotspot\share\interpreter\linkResolver.cpp, line 784]
Event: 2.404 Thread 0x00000216562c26c0 Exception <a 'java/lang/NoSuchMethodError'{0x000000008cbf8468}: 'java.lang.Object java.lang.invoke.DirectMethodHandle$Holder.invokeVirtual(java.lang.Object, java.lang.Object, java.lang.Object, java.lang.Object, java.lang.Object, java.lang.Object, java.lang.Object)'> (0x000000008cbf8468) 
thrown [s\src\hotspot\share\interpreter\linkResolver.cpp, line 784]
Event: 2.413 Thread 0x00000216562c26c0 Exception <a 'java/lang/NoSuchMethodError'{0x000000008ca4ccc0}: 'java.lang.Object java.lang.invoke.DirectMethodHandle$Holder.invokeVirtual(java.lang.Object, java.lang.Object, java.lang.Object, java.lang.Object)'> (0x000000008ca4ccc0) 
thrown [s\src\hotspot\share\interpreter\linkResolver.cpp, line 784]
Event: 2.437 Thread 0x00000216562c26c0 Exception <a 'java/lang/NoSuchMethodError'{0x000000008c906318}: 'java.lang.Object java.lang.invoke.DirectMethodHandle$Holder.invokeVirtual(java.lang.Object, java.lang.Object, java.lang.Object, java.lang.Object, java.lang.Object, java.lang.Object)'> (0x000000008c906318) 
thrown [s\src\hotspot\share\interpreter\linkResolver.cpp, line 784]
Event: 2.496 Thread 0x00000216562c26c0 Implicit null exception at 0x000002166323d7c0 to 0x000002166323da2c
Event: 2.723 Thread 0x00000216562c26c0 Exception <a 'java/lang/NoSuchMethodError'{0x000000008c5de708}: 'java.lang.Object java.lang.invoke.DirectMethodHandle$Holder.invokeVirtual(java.lang.Object, java.lang.Object, java.lang.Object, java.lang.Object, java.lang.Object)'> (0x000000008c5de708) 
thrown [s\src\hotspot\share\interpreter\linkResolver.cpp, line 784]
Event: 2.729 Thread 0x00000216562c26c0 Exception <a 'java/lang/NoSuchMethodError'{0x000000008c5f1558}: 'java.lang.Object java.lang.invoke.Invokers$Holder.invokeExact_MT(java.lang.Object, java.lang.Object, java.lang.Object, java.lang.Object, java.lang.Object, java.lang.Object)'> (0x000000008c5f1558) 
thrown [s\src\hotspot\share\interpreter\linkResolver.cpp, line 784]
Event: 2.766 Thread 0x00000216562c26c0 Exception <a 'java/lang/NoSuchMethodError'{0x000000008c4989b8}: 'java.lang.Object java.lang.invoke.DirectMethodHandle$Holder.invokeSpecialIFC(java.lang.Object, java.lang.Object, java.lang.Object, java.lang.Object)'> (0x000000008c4989b8) 
thrown [s\src\hotspot\share\interpreter\linkResolver.cpp, line 784]
Event: 2.767 Thread 0x00000216562c26c0 Exception <a 'java/lang/NoSuchMethodError'{0x000000008c4a1c30}: 'java.lang.Object java.lang.invoke.DirectMethodHandle$Holder.invokeVirtual(java.lang.Object, java.lang.Object, java.lang.Object, java.lang.Object, java.lang.Object, java.lang.Object, java.lang.Object, java.lang.Object)'> (0x000000008c4a1c30) 
thrown [s\src\hotspot\share\interpreter\linkResolver.cpp, line 784]
Event: 2.972 Thread 0x00000216562c26c0 Exception <a 'java/lang/NoSuchMethodError'{0x000000008c1e88c0}: 'java.lang.Object java.lang.invoke.DirectMethodHandle$Holder.invokeStaticInit(java.lang.Object, java.lang.Object, int, int, int, int)'> (0x000000008c1e88c0) 
thrown [s\src\hotspot\share\interpreter\linkResolver.cpp, line 784]
Event: 3.037 Thread 0x00000216562c26c0 Implicit null exception at 0x0000021663216324 to 0x00000216632169a4

ZGC Phase Switch (0 events):
No events

VM Operations (20 events):
Event: 23.256 Executing VM operation: Cleanup
Event: 23.256 Executing VM operation: Cleanup done
Event: 26.294 Executing VM operation: Cleanup
Event: 26.294 Executing VM operation: Cleanup done
Event: 30.317 Executing VM operation: Cleanup
Event: 30.317 Executing VM operation: Cleanup done
Event: 32.321 Executing VM operation: Cleanup
Event: 32.321 Executing VM operation: Cleanup done
Event: 35.351 Executing VM operation: Cleanup
Event: 35.351 Executing VM operation: Cleanup done
Event: 55.557 Executing VM operation: Cleanup
Event: 55.558 Executing VM operation: Cleanup done
Event: 61.613 Executing VM operation: Cleanup
Event: 61.613 Executing VM operation: Cleanup done
Event: 63.626 Executing VM operation: Cleanup
Event: 63.626 Executing VM operation: Cleanup done
Event: 68.662 Executing VM operation: Cleanup
Event: 68.662 Executing VM operation: Cleanup done
Event: 70.672 Executing VM operation: Cleanup
Event: 70.672 Executing VM operation: Cleanup done

Memory protections (0 events):
No events

Nmethod flushes (0 events):
No events

Events (20 events):
Event: 0.017 Thread 0x00000216562c26c0 Thread added: 0x00000216562c26c0
Event: 0.154 Thread 0x00000216562c26c0 Thread added: 0x000002166f407560
Event: 0.165 Thread 0x00000216562c26c0 Thread added: 0x000002166f412df0
Event: 0.165 Thread 0x00000216562c26c0 Thread added: 0x000002166f413850
Event: 0.168 Thread 0x00000216562c26c0 Thread added: 0x000002166f4142b0
Event: 0.168 Thread 0x00000216562c26c0 Thread added: 0x000002166f414d10
Event: 0.169 Thread 0x00000216562c26c0 Thread added: 0x000002166f415770
Event: 0.169 Thread 0x00000216562c26c0 Thread added: 0x000002166f4161d0
Event: 0.169 Thread 0x00000216562c26c0 Thread added: 0x000002166f416f60
Event: 0.175 Thread 0x00000216562c26c0 Thread added: 0x000002166f429800
Event: 0.259 Thread 0x00000216562c26c0 Thread added: 0x000002166f5c8d80
Event: 0.289 Loaded shared library C:\Program Files\Android\Android Studio\jbr\bin\net.dll
Event: 0.296 Loaded shared library C:\Program Files\Android\Android Studio\jbr\bin\nio.dll
Event: 0.320 Loaded shared library C:\Program Files\Android\Android Studio\jbr\bin\zip.dll
Event: 0.429 Loaded shared library C:\Program Files\Android\Android Studio\jbr\bin\jimage.dll
Event: 2.190 Loaded shared library S:\gradle-home\native\c067742578af261105cb4f569cf0c3c89f3d7b1fecec35dd04571415982c5e48\windows-amd64\native-platform.dll
Event: 2.246 Thread 0x00000216562c26c0 Thread added: 0x00000216743d5220
Event: 2.530 Loaded shared library C:\Program Files\Android\Android Studio\jbr\bin\management.dll
Event: 2.537 Loaded shared library C:\Program Files\Android\Android Studio\jbr\bin\management_ext.dll
Event: 3.001 Loaded shared library C:\Program Files\Android\Android Studio\jbr\bin\extnet.dll


Dynamic libraries:
0x00007ff720950000 - 0x00007ff72095a000 	C:\Program Files\Android\Android Studio\jbr\bin\java.exe
0x00007ffbbb100000 - 0x00007ffbbb309000 	C:\Windows\SYSTEM32\ntdll.dll
0x00007ffbba130000 - 0x00007ffbba1ee000 	C:\Windows\System32\KERNEL32.DLL
0x00007ffbb8860000 - 0x00007ffbb8bdc000 	C:\Windows\System32\KERNELBASE.dll
0x00007ffbb8be0000 - 0x00007ffbb8cf1000 	C:\Windows\System32\ucrtbase.dll
0x00007ffbb2980000 - 0x00007ffbb2998000 	C:\Program Files\Android\Android Studio\jbr\bin\jli.dll
0x00007ffba7560000 - 0x00007ffba757b000 	C:\Program Files\Android\Android Studio\jbr\bin\VCRUNTIME140.dll
0x00007ffbb9b80000 - 0x00007ffbb9d2d000 	C:\Windows\System32\USER32.dll
0x00007ffb9f8e0000 - 0x00007ffb9fb85000 	C:\Windows\WinSxS\amd64_microsoft.windows.common-controls_6595b64144ccf1df_6.0.22000.120_none_9d947278b86cc467\COMCTL32.dll
0x00007ffbb8740000 - 0x00007ffbb8766000 	C:\Windows\System32\win32u.dll
0x00007ffbb9d30000 - 0x00007ffbb9d59000 	C:\Windows\System32\GDI32.dll
0x00007ffbbacc0000 - 0x00007ffbbad63000 	C:\Windows\System32\msvcrt.dll
0x00007ffbb8e60000 - 0x00007ffbb8f78000 	C:\Windows\System32\gdi32full.dll
0x00007ffbb8dc0000 - 0x00007ffbb8e5d000 	C:\Windows\System32\msvcp_win.dll
0x00007ffbba960000 - 0x00007ffbba991000 	C:\Windows\System32\IMM32.DLL
0x00007ffba7550000 - 0x00007ffba755c000 	C:\Program Files\Android\Android Studio\jbr\bin\vcruntime140_1.dll
0x00007ffb8a560000 - 0x00007ffb8a5ed000 	C:\Program Files\Android\Android Studio\jbr\bin\msvcp140.dll
0x00007ffb26f20000 - 0x00007ffb27bb6000 	C:\Program Files\Android\Android Studio\jbr\bin\server\jvm.dll
0x00007ffbbaef0000 - 0x00007ffbbaf9e000 	C:\Windows\System32\ADVAPI32.dll
0x00007ffbb90e0000 - 0x00007ffbb917e000 	C:\Windows\System32\sechost.dll
0x00007ffbbaba0000 - 0x00007ffbbacc0000 	C:\Windows\System32\RPCRT4.dll
0x00007ffbbae20000 - 0x00007ffbbae8f000 	C:\Windows\System32\WS2_32.dll
0x00007ffbb1e40000 - 0x00007ffbb1e73000 	C:\Windows\SYSTEM32\WINMM.dll
0x00007ffbb0b40000 - 0x00007ffbb0b4a000 	C:\Windows\SYSTEM32\VERSION.dll
0x00007ffbb7c50000 - 0x00007ffbb7c9d000 	C:\Windows\SYSTEM32\POWRPROF.dll
0x00007ffbb7b70000 - 0x00007ffbb7b83000 	C:\Windows\SYSTEM32\UMPDC.dll
0x00007ffbb7650000 - 0x00007ffbb7668000 	C:\Windows\SYSTEM32\kernel.appcore.dll
0x00007ffba1ac0000 - 0x00007ffba1aca000 	C:\Program Files\Android\Android Studio\jbr\bin\jimage.dll
0x00007ffba0ef0000 - 0x00007ffba1111000 	C:\Windows\SYSTEM32\DBGHELP.DLL
0x00007ffba0eb0000 - 0x00007ffba0ee1000 	C:\Windows\SYSTEM32\dbgcore.DLL
0x00007ffbb87e0000 - 0x00007ffbb885f000 	C:\Windows\System32\bcryptPrimitives.dll
0x00007ffba13e0000 - 0x00007ffba1400000 	C:\Program Files\Android\Android Studio\jbr\bin\java.dll
0x00007ffba1290000 - 0x00007ffba12a8000 	C:\Program Files\Android\Android Studio\jbr\bin\zip.dll
0x00007ffbb9180000 - 0x00007ffbb9945000 	C:\Windows\System32\SHELL32.dll
0x00007ffbb66c0000 - 0x00007ffbb6f25000 	C:\Windows\SYSTEM32\windows.storage.dll
0x00007ffbb9d70000 - 0x00007ffbba0e6000 	C:\Windows\System32\combase.dll
0x00007ffbb6550000 - 0x00007ffbb66b6000 	C:\Windows\SYSTEM32\wintypes.dll
0x00007ffbba210000 - 0x00007ffbba2fa000 	C:\Windows\System32\SHCORE.dll
0x00007ffbbae90000 - 0x00007ffbbaeed000 	C:\Windows\System32\shlwapi.dll
0x00007ffbb8500000 - 0x00007ffbb8521000 	C:\Windows\SYSTEM32\profapi.dll
0x00007ffba1390000 - 0x00007ffba13a0000 	C:\Program Files\Android\Android Studio\jbr\bin\net.dll
0x00007ffbb2650000 - 0x00007ffbb2762000 	C:\Windows\SYSTEM32\WINHTTP.dll
0x00007ffbb7b90000 - 0x00007ffbb7bf7000 	C:\Windows\system32\mswsock.dll
0x00007ffb9ac80000 - 0x00007ffb9ac96000 	C:\Program Files\Android\Android Studio\jbr\bin\nio.dll
0x00007ffb9b3c0000 - 0x00007ffb9b3d0000 	C:\Program Files\Android\Android Studio\jbr\bin\verify.dll
0x00007ffbb0100000 - 0x00007ffbb0127000 	S:\gradle-home\native\c067742578af261105cb4f569cf0c3c89f3d7b1fecec35dd04571415982c5e48\windows-amd64\native-platform.dll
0x00007ffba7600000 - 0x00007ffba7609000 	C:\Program Files\Android\Android Studio\jbr\bin\management.dll
0x00007ffba75f0000 - 0x00007ffba75fb000 	C:\Program Files\Android\Android Studio\jbr\bin\management_ext.dll
0x00007ffbba0f0000 - 0x00007ffbba0f8000 	C:\Windows\System32\PSAPI.DLL
0x00007ffbb7e20000 - 0x00007ffbb7e38000 	C:\Windows\SYSTEM32\CRYPTSP.dll
0x00007ffbb75b0000 - 0x00007ffbb75e5000 	C:\Windows\system32\rsaenh.dll
0x00007ffbb7cd0000 - 0x00007ffbb7cf9000 	C:\Windows\SYSTEM32\USERENV.dll
0x00007ffbb7fb0000 - 0x00007ffbb7fd7000 	C:\Windows\SYSTEM32\bcrypt.dll
0x00007ffbb7e40000 - 0x00007ffbb7e4c000 	C:\Windows\SYSTEM32\CRYPTBASE.dll
0x00007ffbb7180000 - 0x00007ffbb71ad000 	C:\Windows\SYSTEM32\IPHLPAPI.DLL
0x00007ffbba770000 - 0x00007ffbba779000 	C:\Windows\System32\NSI.dll
0x00007ffba7610000 - 0x00007ffba7619000 	C:\Program Files\Android\Android Studio\jbr\bin\extnet.dll
0x00007ffb981a0000 - 0x00007ffb981a8000 	C:\Windows\system32\wshunix.dll

JVMTI agents: none

dbghelp: loaded successfully - version: 4.0.5 - missing functions: none
symbol engine: initialized successfully - sym options: 0x614 - pdb path: .;C:\Program Files\Android\Android Studio\jbr\bin;C:\Windows\SYSTEM32;C:\Windows\WinSxS\amd64_microsoft.windows.common-controls_6595b64144ccf1df_6.0.22000.120_none_9d947278b86cc467;C:\Program Files\Android\Android Studio\jbr\bin\server;S:\gradle-home\native\c067742578af261105cb4f569cf0c3c89f3d7b1fecec35dd04571415982c5e48\windows-amd64

VM Arguments:
jvm_args: -Dorg.gradle.appname=gradlew 
java_command: org.gradle.wrapper.GradleWrapperMain --full-stacktrace --info -Pverbose=true -Ptarget-platform=android-arm64 -Ptarget=S:\dev\CaribTap\flutter-ulistings-app\flutter_universal_listings\lib\main.dart -Pbase-application-name=android.app.Application -Pdart-defines=RkxVVFRFUl9WRVJTSU9OPTMuMzguNQ==,RkxVVFRFUl9DSEFOTkVMPXN0YWJsZQ==,RkxVVFRFUl9HSVRfVVJMPWh0dHBzOi8vZ2l0aHViLmNvbS9mbHV0dGVyL2ZsdXR0ZXIuZ2l0,RkxVVFRFUl9GUkFNRVdPUktfUkVWSVNJT049ZjZmZjE1MjlmZA==,RkxVVFRFUl9FTkdJTkVfUkVWSVNJT049MTUyN2FlMGVjNQ==,RkxVVFRFUl9EQVJUX1ZFUlNJT049My4xMC40 -Pdart-obfuscation=false -Ptrack-widget-creation=true -Ptree-shake-icons=false -Pfilesystem-scheme=org-dartlang-root assembleDebug
java_class_path (initial): S:\dev\CaribTap\flutter-ulistings-app\flutter_universal_listings\android\\gradle\wrapper\gradle-wrapper.jar
Launcher Type: SUN_STANDARD

[Global flags]
     intx CICompilerCount                          = 3                                         {product} {ergonomic}
     uint ConcGCThreads                            = 1                                         {product} {ergonomic}
     uint G1ConcRefinementThreads                  = 4                                         {product} {ergonomic}
   size_t G1HeapRegionSize                         = 1048576                                   {product} {ergonomic}
    uintx GCDrainStackTargetSize                   = 64                                        {product} {ergonomic}
   size_t InitialHeapSize                          = 130023424                                 {product} {ergonomic}
   size_t MarkStackSize                            = 4194304                                   {product} {ergonomic}
   size_t MaxHeapSize                              = 2063597568                                {product} {ergonomic}
   size_t MaxNewSize                               = 1237319680                                {product} {ergonomic}
   size_t MinHeapDeltaBytes                        = 1048576                                   {product} {ergonomic}
   size_t MinHeapSize                              = 8388608                                   {product} {ergonomic}
    uintx NonNMethodCodeHeapSize                   = 5832780                                {pd product} {ergonomic}
    uintx NonProfiledCodeHeapSize                  = 122912730                              {pd product} {ergonomic}
    uintx ProfiledCodeHeapSize                     = 122912730                              {pd product} {ergonomic}
    uintx ReservedCodeCacheSize                    = 251658240                              {pd product} {ergonomic}
     bool SegmentedCodeCache                       = true                                      {product} {ergonomic}
   size_t SoftMaxHeapSize                          = 2063597568                             {manageable} {ergonomic}
     bool UseCompressedOops                        = true                           {product lp64_product} {ergonomic}
     bool UseG1GC                                  = true                                      {product} {ergonomic}
     bool UseLargePagesIndividualAllocation        = false                                  {pd product} {ergonomic}

Logging:
Log output configuration:
 #0: stdout all=warning uptime,level,tags foldmultilines=false
 #1: stderr all=off uptime,level,tags foldmultilines=false

Environment Variables:
JAVA_HOME=C:\Program Files\Android\Android Studio\jbr
CLASSPATH=S:\dev\CaribTap\flutter-ulistings-app\flutter_universal_listings\android\\gradle\wrapper\gradle-wrapper.jar
PATH=C:\Program Files\Android\Android Studio\jbr\bin;C:\Program Files\Common Files\Oracle\Java\javapath;C:\Program Files\Common Files\Oracle\Java\javapath;C:\Program Files\Common Files\Oracle\Java\javapath;C:\Program Files\Common Files\Oracle\Java\javapath;C:\Program Files\Common Files\Oracle\Java\javapath;C:\Program Files\Common Files\Oracle\Java\javapath;%PATH%;C:\Program Files\Android\Android Studio\jbr\bin;C:\Users\Experimental\AppData\Local\Microsoft\WindowsApps;S:\flutter\bin;C:\Program Files\Android\Android Studio\jbr\bin;C:\Users\Experimental\AppData\Local\Microsoft\WindowsApps;S:\flutter\bin;C:\Windows\System32;C:\Program Files\Git\cmd;;C:\Program Files\Android\Android Studio\jbr\bin;C:\Users\Experimental\AppData\Local\Microsoft\WindowsApps;S:\flutter\bin;C:\Program Files\Android\Android Studio\jbr\bin;C:\Users\Experimental\AppData\Local\Microsoft\WindowsApps;S:\flutter\bin;C:\Windows\System32;C:\Program Files\Git\cmd;;C:\Program Files\Android\Android Studio\jbr\bin;C:\Users\Experimental\AppData\Local\Microsoft\WindowsApps;S:\flutter\bin;C:\Program Files\Android\Android Studio\jbr\bin;C:\Users\Experimental\AppData\Local\Microsoft\WindowsApps;S:\flutter\bin;C:\Windows\System32;C:\Program Files\Git\cmd;C:\Windows\System32;C:\Windows\System32\WindowsPowerShell\v1.0\;C:\Windows\System32;C:\Windows;C:\Windows\System32\Wbem;C:\Windows\System32\WindowsPowerShell\v1.0\;S:\flutter\bin;C:\Program Files\Git\cmd;C:\Program Files\Android\Android Studio\jbr\bin;C:\Users\Experimental\AppData\Local\Microsoft\WindowsApps;C:\Users\Experimental\AppData\Local\Android\Sdk\platform-tools;;S:\flutter\bin\mingit\cmd
USERNAME=Experimental
OS=Windows_NT
PROCESSOR_IDENTIFIER=Intel64 Family 6 Model 94 Stepping 3, GenuineIntel
TMP=C:\Users\EXPERI~1\AppData\Local\Temp
TEMP=C:\Users\EXPERI~1\AppData\Local\Temp




Periodic native trim disabled

JNI global refs:
JNI global refs: 19, weak refs: 5

JNI global refs memory usage: 835, weak refs: 833

Process memory usage:
Resident Set Size: 38548K (0% of 8054368K total physical memory with 242456K free physical memory)

OOME stack traces (most recent first):
Classloader memory used:
Loader bootstrap                                                                       : 13055K
Loader org.gradle.internal.classloader.VisitableURLClassLoader                         : 5174K
Loader java.net.URLClassLoader                                                         : 233K
Loader jdk.internal.loader.ClassLoaders$AppClassLoader                                 : 142K
Loader jdk.internal.loader.ClassLoaders$PlatformClassLoader                            : 110K

Classes loaded by more than one classloader:
Class org.gradle.cli.AbstractPropertiesCommandLineConverter                           : loaded 2 times (x 83B)
Class org.gradle.cli.CommandLineParser                                                : loaded 2 times (x 79B)
Class org.gradle.internal.service.UnknownServiceException                             : loaded 2 times (x 83B)
Class org.gradle.cli.SystemPropertiesCommandLineConverter                             : loaded 2 times (x 83B)
Class org.gradle.cli.CommandLineArgumentException                                     : loaded 2 times (x 82B)
Class org.gradle.cli.CommandLineParser$KnownOptionParserState                         : loaded 2 times (x 76B)
Class org.gradle.internal.InternalTransformer                                         : loaded 2 times (x 70B)
Class org.gradle.internal.classpath.DefaultClassPath$ImmutableUniqueList              : loaded 2 times (x 199B)
Class org.gradle.cli.CommandLineParser$OptionAwareParserState                         : loaded 2 times (x 77B)
Class org.gradle.cli.ParsedCommandLine                                                : loaded 2 times (x 80B)
Class org.gradle.internal.classpath.ClassPath                                         : loaded 2 times (x 70B)
Class org.gradle.cli.CommandLineParser$UnknownOptionParserState                       : loaded 2 times (x 76B)
Class org.gradle.cli.ParsedCommandLineOption                                          : loaded 2 times (x 76B)
Class org.gradle.api.UncheckedIOException                                             : loaded 2 times (x 82B)
Class org.gradle.cli.CommandLineParser$AfterFirstSubCommand                           : loaded 2 times (x 77B)
Class org.gradle.api.internal.classpath.ModuleRegistry                                : loaded 2 times (x 70B)
Class org.gradle.internal.installation.GradleInstallation$1                           : loaded 2 times (x 75B)
Class org.gradle.cli.CommandLineOption                                                : loaded 2 times (x 86B)
Class org.gradle.cli.CommandLineParser$BeforeFirstSubCommand                          : loaded 2 times (x 77B)
Class org.gradle.internal.service.ServiceLookupException                              : loaded 2 times (x 82B)
Class org.gradle.cli.CommandLineParser$OptionParserState                              : loaded 2 times (x 75B)
Class org.gradle.internal.classloader.ClasspathUtil                                   : loaded 2 times (x 71B)
Class org.gradle.api.specs.Spec                                                       : loaded 2 times (x 70B)
Class org.gradle.internal.classpath.DefaultClassPath                                  : loaded 2 times (x 90B)
Class org.gradle.internal.Cast                                                        : loaded 2 times (x 71B)
Class org.gradle.api.Action                                                           : loaded 2 times (x 70B)
Class org.gradle.cli.AbstractCommandLineConverter                                     : loaded 2 times (x 79B)
Class org.gradle.api.GradleException                                                  : loaded 2 times (x 82B)
Class org.gradle.internal.IoActions                                                   : loaded 2 times (x 71B)
Class org.gradle.cli.CommandLineConverter                                             : loaded 2 times (x 70B)
Class org.gradle.cli.CommandLineParser$ParserState                                    : loaded 2 times (x 76B)
Class org.gradle.cli.CommandLineParser$OptionString                                   : loaded 2 times (x 73B)
Class org.gradle.internal.installation.CurrentGradleInstallationLocator               : loaded 2 times (x 71B)
Class org.gradle.internal.installation.CurrentGradleInstallation                      : loaded 2 times (x 73B)
Class org.gradle.util.internal.GUtil                                                  : loaded 2 times (x 71B)
Class org.gradle.cli.CommandLineParser$AfterOptions                                   : loaded 2 times (x 77B)
Class org.gradle.internal.installation.GradleInstallation                             : loaded 2 times (x 75B)

---------------  S Y S T E M  ---------------

OS:
 Windows 11 , 64 bit Build 22000 (10.0.22000.1516)
OS uptime: 6 days 6:32 hours

CPU: total 4 (initial active 4) (4 cores per cpu, 1 threads per core) family 6 model 94 stepping 3 microcode 0xd6, cx8, cmov, fxsr, mmx, 3dnowpref, sse, sse2, sse3, ssse3, sse4.1, sse4.2, popcnt, lzcnt, tsc, tscinvbit, avx, avx2, aes, erms, clmul, bmi1, bmi2, rtm, adx, fma, vzeroupper, clflush, clflushopt, rdtscp, f16c
Processor Information for the first 4 processors :
  Max Mhz: 2301, Current Mhz: 2000, Mhz Limit: 1978

Memory: 4k page, system-wide physical 7865M (227M free)
TotalPageFile size 23728M (AvailPageFile size 1M)
current process WorkingSet (physical memory assigned to process): 41M, peak: 99M
current process commit charge ("private bytes"): 226M, peak: 228M

vm_info: OpenJDK 64-Bit Server VM (21.0.8+-14196175-b1038.72) for windows-amd64 JRE (21.0.8+-14196175-b1038.72), built on 2025-10-01T10:24:33Z by "builder" with MS VC++ 16.10 / 16.11 (VS2019)

END.
